d:\github\sfml\sfmlgame\sfml template\debug\vc142.pdb
d:\github\sfml\sfmlgame\sfml template\debug\vc142.idb
d:\github\sfml\sfmlgame\sfml template\debug\sfmlwindow.obj
d:\github\sfml\sfmlgame\sfml template\debug\sfmlframework.obj
d:\github\sfml\sfmlgame\sfml template\debug\renderer.obj
d:\github\sfml\sfmlgame\sfml template\debug\mouse.obj
d:\github\sfml\sfmlgame\sfml template\debug\windowevents.obj
d:\github\sfml\sfmlgame\sfml template\debug\windowcontainer.obj
d:\github\sfml\sfmlgame\sfml template\debug\main.obj
d:\github\sfml\sfmlgame\sfml template\debug\keyboardevent.obj
d:\github\sfml\sfmlgame\sfml template\debug\keyboard.obj
d:\github\sfml\sfmlgame\sfml template\debug\inputhandler.obj
d:\github\sfml\sfmlgame\sfml template\debug\tilemap.obj
d:\github\sfml\sfmlgame\sfml template\debug\tile.obj
d:\github\sfml\sfmlgame\sfml template\debug\game.obj
d:\github\sfml\sfmlgame\sfml template\debug\gameobject.obj
d:\github\sfml\sfmlgame\sfml template\debug\drawables.obj
d:\github\sfml\sfmlgame\sfml template\debug\state.obj
d:\github\sfml\sfmlgame\sfml template\debug\time.obj
d:\github\sfml\sfmlgame\sfml template\debug\menustate.obj
d:\github\sfml\sfmlgame\sfml template\debug\button.obj
d:\github\sfml\sfmlgame\debug\sfmlgame.exe
d:\github\sfml\sfmlgame\debug\sfmlgame.ilk
d:\github\sfml\sfmlgame\debug\sfmlgame.pdb
d:\github\sfml\sfmlgame\sfml template\debug\sfmlgame.res
d:\github\sfml\sfmlgame\sfml template\debug\vc120.idb
d:\github\sfml\sfmlgame\sfml template\debug\vc120.pdb
d:\github\sfml\sfmlgame\sfml template\debug\sfmlgame.tlog\cl.command.1.tlog
d:\github\sfml\sfmlgame\sfml template\debug\sfmlgame.tlog\cl.read.1.tlog
d:\github\sfml\sfmlgame\sfml template\debug\sfmlgame.tlog\cl.write.1.tlog
d:\github\sfml\sfmlgame\sfml template\debug\sfmlgame.tlog\link.command.1.tlog
d:\github\sfml\sfmlgame\sfml template\debug\sfmlgame.tlog\link.delete.1.tlog
d:\github\sfml\sfmlgame\sfml template\debug\sfmlgame.tlog\link.read.1.tlog
d:\github\sfml\sfmlgame\sfml template\debug\sfmlgame.tlog\link.write.1.tlog
d:\github\sfml\sfmlgame\sfml template\debug\sfmlgame.tlog\rc.command.1.tlog
d:\github\sfml\sfmlgame\sfml template\debug\sfmlgame.tlog\rc.read.1.tlog
d:\github\sfml\sfmlgame\sfml template\debug\sfmlgame.tlog\rc.write.1.tlog
