  Button.cpp
  Drawables.cpp
  Game.cpp
  GameObject.cpp
  InputHandler.cpp
  Keyboard.cpp
  KeyboardEvent.cpp
  Main.cpp
D:\GitHub\SFMLGame\SFMLGame\SFML Template\Game.h(3,10): warning C4067:  unexpected tokens following preprocessor directive - expected a newline
  MenuState.cpp
  Mouse.cpp
D:\GitHub\SFMLGame\SFMLGame\SFML Template\Game.h(3,10): warning C4067:  unexpected tokens following preprocessor directive - expected a newline
D:\GitHub\SFMLGame\SFMLGame\SFML Template\Mouse.cpp(17,53): warning C4244:  'argument': conversion from 'T' to 'T', possible loss of data
D:\GitHub\SFMLGame\SFMLGame\SFML Template\Mouse.cpp(17,53): warning C4244:         with
D:\GitHub\SFMLGame\SFMLGame\SFML Template\Mouse.cpp(17,53): warning C4244:         [
D:\GitHub\SFMLGame\SFMLGame\SFML Template\Mouse.cpp(17,53): warning C4244:             T=int
D:\GitHub\SFMLGame\SFMLGame\SFML Template\Mouse.cpp(17,53): warning C4244:         ]
D:\GitHub\SFMLGame\SFMLGame\SFML Template\Mouse.cpp(17,53): warning C4244:         and
D:\GitHub\SFMLGame\SFMLGame\SFML Template\Mouse.cpp(17,53): warning C4244:         [
D:\GitHub\SFMLGame\SFMLGame\SFML Template\Mouse.cpp(17,53): warning C4244:             T=float
D:\GitHub\SFMLGame\SFMLGame\SFML Template\Mouse.cpp(17,53): warning C4244:         ]
  State.cpp
  Tile.cpp
D:\GitHub\SFMLGame\SFMLGame\SFML Template\Mouse.cpp(17,36): warning C4244:  'argument': conversion from 'T' to 'T', possible loss of data
D:\GitHub\SFMLGame\SFMLGame\SFML Template\Mouse.cpp(17,36): warning C4244:         with
D:\GitHub\SFMLGame\SFMLGame\SFML Template\Mouse.cpp(17,36): warning C4244:         [
D:\GitHub\SFMLGame\SFMLGame\SFML Template\Mouse.cpp(17,36): warning C4244:             T=int
D:\GitHub\SFMLGame\SFMLGame\SFML Template\Mouse.cpp(17,36): warning C4244:         ]
D:\GitHub\SFMLGame\SFMLGame\SFML Template\Mouse.cpp(17,36): warning C4244:         and
D:\GitHub\SFMLGame\SFMLGame\SFML Template\Mouse.cpp(17,36): warning C4244:         [
D:\GitHub\SFMLGame\SFMLGame\SFML Template\Mouse.cpp(17,36): warning C4244:             T=float
D:\GitHub\SFMLGame\SFMLGame\SFML Template\Mouse.cpp(17,36): warning C4244:         ]
D:\GitHub\SFMLGame\SFMLGame\SFML Template\Tile.cpp(19,57): warning C4244:  'argument': conversion from 'T' to 'float', possible loss of data
D:\GitHub\SFMLGame\SFMLGame\SFML Template\Tile.cpp(19,57): warning C4244:         with
D:\GitHub\SFMLGame\SFMLGame\SFML Template\Tile.cpp(19,57): warning C4244:         [
D:\GitHub\SFMLGame\SFMLGame\SFML Template\Tile.cpp(19,57): warning C4244:             T=unsigned int
D:\GitHub\SFMLGame\SFMLGame\SFML Template\Tile.cpp(19,57): warning C4244:         ]
D:\GitHub\SFMLGame\SFMLGame\SFML Template\Tile.cpp(19,42): warning C4244:  'argument': conversion from 'T' to 'float', possible loss of data
D:\GitHub\SFMLGame\SFMLGame\SFML Template\Tile.cpp(19,42): warning C4244:         with
D:\GitHub\SFMLGame\SFMLGame\SFML Template\Tile.cpp(19,42): warning C4244:         [
D:\GitHub\SFMLGame\SFMLGame\SFML Template\Tile.cpp(19,42): warning C4244:             T=unsigned int
D:\GitHub\SFMLGame\SFMLGame\SFML Template\Tile.cpp(19,42): warning C4244:         ]
D:\GitHub\SFMLGame\SFMLGame\SFML Template\Tile.cpp(30,58): warning C4244:  'argument': conversion from 'T' to 'float', possible loss of data
D:\GitHub\SFMLGame\SFMLGame\SFML Template\Tile.cpp(30,58): warning C4244:         with
D:\GitHub\SFMLGame\SFMLGame\SFML Template\Tile.cpp(30,58): warning C4244:         [
D:\GitHub\SFMLGame\SFMLGame\SFML Template\Tile.cpp(30,58): warning C4244:             T=unsigned int
D:\GitHub\SFMLGame\SFMLGame\SFML Template\Tile.cpp(30,58): warning C4244:         ]
  TileMap.cpp
D:\GitHub\SFMLGame\SFMLGame\SFML Template\Tile.cpp(30,42): warning C4244:  'argument': conversion from 'T' to 'float', possible loss of data
D:\GitHub\SFMLGame\SFMLGame\SFML Template\Tile.cpp(30,42): warning C4244:         with
D:\GitHub\SFMLGame\SFMLGame\SFML Template\Tile.cpp(30,42): warning C4244:         [
D:\GitHub\SFMLGame\SFMLGame\SFML Template\Tile.cpp(30,42): warning C4244:             T=unsigned int
D:\GitHub\SFMLGame\SFMLGame\SFML Template\Tile.cpp(30,42): warning C4244:         ]
  TileMapEditorState.cpp
D:\GitHub\SFMLGame\SFMLGame\SFML Template\TileMap.cpp(123,82): warning C4244:  'argument': conversion from 'unsigned int' to 'float', possible loss of data
D:\GitHub\SFMLGame\SFMLGame\SFML Template\TileMapEditorState.cpp(104,185): warning C4244:  'argument': conversion from 'const T' to 'T', possible loss of data
D:\GitHub\SFMLGame\SFMLGame\SFML Template\TileMapEditorState.cpp(104,185): warning C4244:         with
D:\GitHub\SFMLGame\SFMLGame\SFML Template\TileMapEditorState.cpp(104,185): warning C4244:         [
D:\GitHub\SFMLGame\SFMLGame\SFML Template\TileMapEditorState.cpp(104,185): warning C4244:             T=float
D:\GitHub\SFMLGame\SFMLGame\SFML Template\TileMapEditorState.cpp(104,185): warning C4244:         ]
D:\GitHub\SFMLGame\SFMLGame\SFML Template\TileMapEditorState.cpp(104,185): warning C4244:         and
D:\GitHub\SFMLGame\SFMLGame\SFML Template\TileMapEditorState.cpp(104,185): warning C4244:         [
D:\GitHub\SFMLGame\SFMLGame\SFML Template\TileMapEditorState.cpp(104,185): warning C4244:             T=unsigned int
D:\GitHub\SFMLGame\SFMLGame\SFML Template\TileMapEditorState.cpp(104,185): warning C4244:         ]
D:\GitHub\SFMLGame\SFMLGame\SFML Template\TileMapEditorState.cpp(104,144): warning C4244:  'argument': conversion from 'const T' to 'T', possible loss of data
D:\GitHub\SFMLGame\SFMLGame\SFML Template\TileMapEditorState.cpp(104,144): warning C4244:         with
D:\GitHub\SFMLGame\SFMLGame\SFML Template\TileMapEditorState.cpp(104,144): warning C4244:         [
D:\GitHub\SFMLGame\SFMLGame\SFML Template\TileMapEditorState.cpp(104,144): warning C4244:             T=float
D:\GitHub\SFMLGame\SFMLGame\SFML Template\TileMapEditorState.cpp(104,144): warning C4244:         ]
D:\GitHub\SFMLGame\SFMLGame\SFML Template\TileMapEditorState.cpp(104,144): warning C4244:         and
D:\GitHub\SFMLGame\SFMLGame\SFML Template\TileMapEditorState.cpp(104,144): warning C4244:         [
D:\GitHub\SFMLGame\SFMLGame\SFML Template\TileMapEditorState.cpp(104,144): warning C4244:             T=unsigned int
D:\GitHub\SFMLGame\SFMLGame\SFML Template\TileMapEditorState.cpp(104,144): warning C4244:         ]
D:\GitHub\SFMLGame\SFMLGame\SFML Template\TileMapEditorState.cpp(107,117): warning C4244:  'argument': conversion from 'const T' to 'T', possible loss of data
D:\GitHub\SFMLGame\SFMLGame\SFML Template\TileMapEditorState.cpp(107,117): warning C4244:         with
D:\GitHub\SFMLGame\SFMLGame\SFML Template\TileMapEditorState.cpp(107,117): warning C4244:         [
D:\GitHub\SFMLGame\SFMLGame\SFML Template\TileMapEditorState.cpp(107,117): warning C4244:             T=float
D:\GitHub\SFMLGame\SFMLGame\SFML Template\TileMapEditorState.cpp(107,117): warning C4244:         ]
D:\GitHub\SFMLGame\SFMLGame\SFML Template\TileMapEditorState.cpp(107,117): warning C4244:         and
D:\GitHub\SFMLGame\SFMLGame\SFML Template\TileMapEditorState.cpp(107,117): warning C4244:         [
D:\GitHub\SFMLGame\SFMLGame\SFML Template\TileMapEditorState.cpp(107,117): warning C4244:             T=unsigned int
D:\GitHub\SFMLGame\SFMLGame\SFML Template\TileMapEditorState.cpp(107,117): warning C4244:         ]
  TileSelectorGUI.cpp
D:\GitHub\SFMLGame\SFMLGame\SFML Template\TileMapEditorState.cpp(107,76): warning C4244:  'argument': conversion from 'const T' to 'T', possible loss of data
D:\GitHub\SFMLGame\SFMLGame\SFML Template\TileMapEditorState.cpp(107,76): warning C4244:         with
D:\GitHub\SFMLGame\SFMLGame\SFML Template\TileMapEditorState.cpp(107,76): warning C4244:         [
D:\GitHub\SFMLGame\SFMLGame\SFML Template\TileMapEditorState.cpp(107,76): warning C4244:             T=float
D:\GitHub\SFMLGame\SFMLGame\SFML Template\TileMapEditorState.cpp(107,76): warning C4244:         ]
D:\GitHub\SFMLGame\SFMLGame\SFML Template\TileMapEditorState.cpp(107,76): warning C4244:         and
D:\GitHub\SFMLGame\SFMLGame\SFML Template\TileMapEditorState.cpp(107,76): warning C4244:         [
D:\GitHub\SFMLGame\SFMLGame\SFML Template\TileMapEditorState.cpp(107,76): warning C4244:             T=unsigned int
D:\GitHub\SFMLGame\SFMLGame\SFML Template\TileMapEditorState.cpp(107,76): warning C4244:         ]
D:\GitHub\SFMLGame\SFMLGame\SFML Template\TileSelectorGUI.cpp(19,53): warning C4244:  '=': conversion from 'T' to 'int', possible loss of data
D:\GitHub\SFMLGame\SFMLGame\SFML Template\TileSelectorGUI.cpp(19,53): warning C4244:         with
D:\GitHub\SFMLGame\SFMLGame\SFML Template\TileSelectorGUI.cpp(19,53): warning C4244:         [
D:\GitHub\SFMLGame\SFMLGame\SFML Template\TileSelectorGUI.cpp(19,53): warning C4244:             T=float
D:\GitHub\SFMLGame\SFMLGame\SFML Template\TileSelectorGUI.cpp(19,53): warning C4244:         ]
D:\GitHub\SFMLGame\SFMLGame\SFML Template\TileSelectorGUI.cpp(20,50): warning C4244:  '=': conversion from 'T' to 'int', possible loss of data
D:\GitHub\SFMLGame\SFMLGame\SFML Template\TileSelectorGUI.cpp(20,50): warning C4244:         with
D:\GitHub\SFMLGame\SFMLGame\SFML Template\TileSelectorGUI.cpp(20,50): warning C4244:         [
D:\GitHub\SFMLGame\SFMLGame\SFML Template\TileSelectorGUI.cpp(20,50): warning C4244:             T=float
D:\GitHub\SFMLGame\SFMLGame\SFML Template\TileSelectorGUI.cpp(20,50): warning C4244:         ]
D:\GitHub\SFMLGame\SFMLGame\SFML Template\TileSelectorGUI.cpp(48,23): warning C4018:  '<': signed/unsigned mismatch
D:\GitHub\SFMLGame\SFMLGame\SFML Template\TileSelectorGUI.cpp(69,33): warning C4018:  '<': signed/unsigned mismatch
D:\GitHub\SFMLGame\SFMLGame\SFML Template\TileSelectorGUI.cpp(72,24): warning C4018:  '<': signed/unsigned mismatch
  Time.cpp
D:\GitHub\SFMLGame\SFMLGame\SFML Template\TileSelectorGUI.cpp(74,25): warning C4018:  '<': signed/unsigned mismatch
  Generating code
  Previous IPDB not found, fall back to full compilation.
  All 963 functions were compiled because no usable IPDB/IOBJ from previous compilation was found.
  Finished generating code
  SFML Template.vcxproj -> D:\GitHub\SFMLGame\SFMLGame\Release\SFMLGame.exe
